#1 [internal] load build definition from Rstudio_Seurat.dockerfile
#1 sha256:85181a2712228600ac357b887fdd243ff71a14c3822efb1684dd4cbab967c475
#1 transferring dockerfile: 2.63kB done
#1 DONE 0.0s

#2 [internal] load .dockerignore
#2 sha256:d9f4f3bada79899ed7dabfbfb25b45fcca8899d8450212456ef4a0f35a35cf7e
#2 transferring context: 2B done
#2 DONE 0.0s

#3 [internal] load metadata for docker.io/rocker/tidyverse:latest
#3 sha256:1f45723969a8fbf7778d5d8533c6db15cbc670261a125b405dfe48f024aa880e
#3 DONE 0.6s

#4 [ 1/21] FROM docker.io/rocker/tidyverse:latest@sha256:ac29eda66c85a375537165763a88c8c98149e25adef9d0dfea1571bc3dbf72c2
#4 sha256:2ba8f00c04f89d6d948a76835ef81ec41cd4d83daab5e53ee65c63ca76c1f439
#4 CACHED

#5 [ 2/21] RUN rm /bin/sh && ln -s /bin/bash /bin/sh
#5 sha256:ce73be83d5921471956180cab8367f36edec29d276b4df02ad58e3b28854760b
#5 DONE 0.3s

#6 [ 3/21] RUN echo "options(repos = 'https://cloud.r-project.org')" > $(R --no-echo --no-save -e "cat(Sys.getenv('R_HOME'))")/etc/Rprofile.site
#6 sha256:1a481dcc26f6308b34cc849ec9b55d7d05e8a5c30f29a1e16ad2f9f929ce8665
#6 DONE 1.5s

#7 [ 4/21] RUN apt-get update &&  apt-get install -y --no-install-recommends     build-essential     imagemagick     libhdf5-dev     uuid-dev     libfontconfig1-dev     libharfbuzz-dev     liblzma-dev     libfribidi-dev     libbz2-dev     libfreetype6-dev     libpng-dev     libtiff5-dev     libjpeg-dev     libgpgme-dev     libglpk-dev     squashfs-tools     libseccomp-dev     wget     python3.10     pkg-config     git     tar     libcurl4-openssl-dev     libssl-dev     libpng-dev     libboost-all-dev     libxml2-dev     openjdk-8-jdk     python3-dev     libfftw3-dev     libgsl-dev     libudunits2-dev     python3-pip     cryptsetup-bin     curl
#7 sha256:29cf96506ca2239b1bc61dd1d7ed46af41f859f2144499bc999732cd8401baac
#7 0.573 Get:1 http://security.ubuntu.com/ubuntu focal-security InRelease [114 kB]
#7 0.720 Get:2 http://archive.ubuntu.com/ubuntu focal InRelease [265 kB]
#7 0.904 Get:3 http://archive.ubuntu.com/ubuntu focal-updates InRelease [114 kB]
#7 0.955 Get:4 http://archive.ubuntu.com/ubuntu focal-backports InRelease [108 kB]
#7 1.897 Get:5 http://security.ubuntu.com/ubuntu focal-security/universe amd64 Packages [910 kB]
#7 2.118 Get:6 http://security.ubuntu.com/ubuntu focal-security/main amd64 Packages [2,178 kB]
#7 2.369 Get:7 http://security.ubuntu.com/ubuntu focal-security/multiverse amd64 Packages [27.5 kB]
#7 2.372 Get:8 http://security.ubuntu.com/ubuntu focal-security/restricted amd64 Packages [1,552 kB]
#7 3.260 Get:9 http://archive.ubuntu.com/ubuntu focal/universe amd64 Packages [11.3 MB]
#7 4.354 Get:10 http://archive.ubuntu.com/ubuntu focal/multiverse amd64 Packages [177 kB]
#7 4.376 Get:11 http://archive.ubuntu.com/ubuntu focal/restricted amd64 Packages [33.4 kB]
#7 4.380 Get:12 http://archive.ubuntu.com/ubuntu focal/main amd64 Packages [1,275 kB]
#7 4.554 Get:13 http://archive.ubuntu.com/ubuntu focal-updates/universe amd64 Packages [1,206 kB]
#7 4.707 Get:14 http://archive.ubuntu.com/ubuntu focal-updates/multiverse amd64 Packages [30.2 kB]
#7 4.713 Get:15 http://archive.ubuntu.com/ubuntu focal-updates/restricted amd64 Packages [1,667 kB]
#7 4.868 Get:16 http://archive.ubuntu.com/ubuntu focal-updates/main amd64 Packages [2,644 kB]
#7 5.714 Get:17 http://archive.ubuntu.com/ubuntu focal-backports/universe amd64 Packages [27.4 kB]
#7 5.754 Get:18 http://archive.ubuntu.com/ubuntu focal-backports/main amd64 Packages [55.2 kB]
#7 12.27 Fetched 23.7 MB in 12s (2,001 kB/s)
#7 12.27 Reading package lists...
#7 17.39 Reading package lists...
#7 22.14 Building dependency tree...
#7 22.79 Reading state information...
#7 23.71 libfontconfig1-dev is already the newest version (2.13.1-2ubuntu3).
#7 23.71 libfontconfig1-dev set to manually installed.
#7 23.71 libjpeg-dev is already the newest version (8c-2ubuntu8).
#7 23.71 libpng-dev is already the newest version (1.6.37-2).
#7 23.71 pkg-config is already the newest version (0.29.1-0ubuntu4).
#7 23.71 pkg-config set to manually installed.
#7 23.71 git is already the newest version (1:2.25.1-1ubuntu3.5).
#7 23.71 libcurl4-openssl-dev is already the newest version (7.68.0-1ubuntu2.13).
#7 23.71 libfreetype6-dev is already the newest version (2.10.1-2ubuntu0.2).
#7 23.71 libfribidi-dev is already the newest version (1.0.8-2ubuntu0.1).
#7 23.71 libharfbuzz-dev is already the newest version (2.6.4-1ubuntu4.2).
#7 23.71 liblzma-dev is already the newest version (5.2.4-1ubuntu1.1).
#7 23.71 liblzma-dev set to manually installed.
#7 23.71 libssl-dev is already the newest version (1.1.1f-1ubuntu2.16).
#7 23.71 libtiff5-dev is already the newest version (4.1.0+git191117-2ubuntu0.20.04.5).
#7 23.71 libxml2-dev is already the newest version (2.9.10+dfsg-5ubuntu0.20.04.4).
#7 23.71 tar is already the newest version (1.30+dfsg-7ubuntu0.20.04.2).
#7 23.71 uuid-dev is already the newest version (2.34-0.1ubuntu9.3).
#7 23.71 uuid-dev set to manually installed.
#7 23.71 wget is already the newest version (1.20.3-1ubuntu2).
#7 23.71 The following additional packages will be installed:
#7 23.71   adwaita-icon-theme ca-certificates-java dirmngr dpkg-dev gdal-data gnupg
#7 23.71   gnupg-l10n gnupg-utils gpg gpg-agent gpg-wks-client gpg-wks-server gpgconf
#7 23.71   gpgsm gtk-update-icon-cache hdf5-helpers hicolor-icon-theme
#7 23.71   humanity-icon-theme ibverbs-providers imagemagick-6-common imagemagick-6.q16
#7 23.71   iso-codes java-common libaec-dev libaec0 libamd2 libargon2-1 libarmadillo9
#7 23.71   libarpack2 libasound2 libasound2-data libassuan-dev libassuan0 libasyncns0
#7 23.71   libatk-bridge2.0-0 libatk-wrapper-java libatk-wrapper-java-jni libatk1.0-0
#7 23.71   libatk1.0-data libatspi2.0-0 libavahi-client3 libavahi-common-data
#7 23.71   libavahi-common3 libboost-atomic-dev libboost-atomic1.71-dev
#7 23.71   libboost-atomic1.71.0 libboost-chrono-dev libboost-chrono1.71-dev
#7 23.71   libboost-chrono1.71.0 libboost-container-dev libboost-container1.71-dev
#7 23.71   libboost-container1.71.0 libboost-context-dev libboost-context1.71-dev
#7 23.71   libboost-context1.71.0 libboost-coroutine-dev libboost-coroutine1.71-dev
#7 23.71   libboost-coroutine1.71.0 libboost-date-time-dev libboost-date-time1.71-dev
#7 23.71   libboost-date-time1.71.0 libboost-dev libboost-exception-dev
#7 23.71   libboost-exception1.71-dev libboost-fiber-dev libboost-fiber1.71-dev
#7 23.71   libboost-fiber1.71.0 libboost-filesystem-dev libboost-filesystem1.71-dev
#7 23.71   libboost-filesystem1.71.0 libboost-graph-dev libboost-graph-parallel-dev
#7 23.71   libboost-graph-parallel1.71-dev libboost-graph-parallel1.71.0
#7 23.71   libboost-graph1.71-dev libboost-graph1.71.0 libboost-iostreams-dev
#7 23.71   libboost-iostreams1.71-dev libboost-iostreams1.71.0 libboost-locale-dev
#7 23.71   libboost-locale1.71-dev libboost-locale1.71.0 libboost-log-dev
#7 23.71   libboost-log1.71-dev libboost-log1.71.0 libboost-math-dev
#7 23.71   libboost-math1.71-dev libboost-math1.71.0 libboost-mpi-dev
#7 23.71   libboost-mpi-python-dev libboost-mpi-python1.71-dev
#7 23.71   libboost-mpi-python1.71.0 libboost-mpi1.71-dev libboost-mpi1.71.0
#7 23.71   libboost-numpy-dev libboost-numpy1.71-dev libboost-numpy1.71.0
#7 23.71   libboost-program-options-dev libboost-program-options1.71-dev
#7 23.71   libboost-program-options1.71.0 libboost-python-dev libboost-python1.71-dev
#7 23.71   libboost-python1.71.0 libboost-random-dev libboost-random1.71-dev
#7 23.71   libboost-random1.71.0 libboost-regex-dev libboost-regex1.71-dev
#7 23.71   libboost-regex1.71.0 libboost-serialization-dev
#7 23.71   libboost-serialization1.71-dev libboost-serialization1.71.0
#7 23.71   libboost-stacktrace-dev libboost-stacktrace1.71-dev
#7 23.71   libboost-stacktrace1.71.0 libboost-system-dev libboost-system1.71-dev
#7 23.71   libboost-system1.71.0 libboost-test-dev libboost-test1.71-dev
#7 23.71   libboost-test1.71.0 libboost-thread-dev libboost-thread1.71-dev
#7 23.71   libboost-thread1.71.0 libboost-timer-dev libboost-timer1.71-dev
#7 23.71   libboost-timer1.71.0 libboost-tools-dev libboost-type-erasure-dev
#7 23.71   libboost-type-erasure1.71-dev libboost-type-erasure1.71.0 libboost-wave-dev
#7 23.71   libboost-wave1.71-dev libboost-wave1.71.0 libboost1.71-dev
#7 23.71   libboost1.71-tools-dev libbtf1 libcamd2 libcap2 libcap2-bin libcbor0.6
#7 23.71   libccolamd2 libcfitsio8 libcharls2 libcholmod3 libcolamd2 libcryptsetup12
#7 23.71   libcups2 libcxsparse3 libdap25 libdapclient6v5 libdbus-1-3
#7 23.71   libdevmapper1.02.1 libdouble-conversion3 libegl-mesa0 libegl1 libepsilon1
#7 23.71   libevdev2 libevent-2.1-7 libevent-core-2.1-7 libevent-dev
#7 23.71   libevent-extra-2.1-7 libevent-openssl-2.1-7 libevent-pthreads-2.1-7
#7 23.71   libfabric1 libfftw3-bin libfftw3-double3 libfftw3-long3 libfftw3-quad3
#7 23.71   libfftw3-single3 libfido2-1 libflac8 libfontenc1 libfreexl1 libfyba0 libgbm1
#7 23.71   libgdal26 libgdk-pixbuf2.0-0 libgdk-pixbuf2.0-common libgeos-3.8.0
#7 23.71   libgeos-c1v5 libgeotiff5 libgif7 libglpk40 libgmp-dev libgmpxx4ldbl
#7 23.71   libgpgme11 libgraphblas3 libgsl23 libgslcblas0
#7 23.71   libgstreamer-plugins-base1.0-0 libgstreamer1.0-0 libgtk2.0-0
#7 23.71   libgtk2.0-common libgudev-1.0-0 libhdf4-0-alt libhdf5-103 libhdf5-cpp-103
#7 23.71   libhwloc-dev libhwloc-plugins libhwloc15 libhyphen0 libibverbs-dev
#7 23.71   libibverbs1 libinput-bin libinput10 libjson-c4 libklu1 libkmlbase1
#7 23.71   libkmldom1 libkmlengine1 libksba8 liblcms2-2 libldl2 liblqr-1-0
#7 23.72   libmagickcore-6.q16-6 libmagickwand-6.q16-6 libmetis5 libminizip1
#7 23.72   libmongoose2 libmtdev1 libnetcdf15 libnl-3-200 libnl-3-dev libnl-route-3-200
#7 23.72   libnl-route-3-dev libnpth0 libnspr4 libnss3 libnuma-dev libnuma1 libogdi4.1
#7 23.72   libogg0 libopenjp2-7 libopenmpi-dev libopenmpi3 liborc-0.4-0 libpcsclite1
#7 23.72   libpmix2 libpoppler97 libpopt0 libproj15 libpsm-infinipath1 libpsm2-2
#7 23.72   libpulse0 libpython3-dev libpython3.8 libpython3.8-dev libqca-qt5-2
#7 23.72   libqgis-core3.10.4 libqhull7 libqt5concurrent5 libqt5core5a libqt5dbus5
#7 23.72   libqt5gui5 libqt5keychain1 libqt5network5 libqt5positioning5
#7 23.72   libqt5printsupport5 libqt5qml5 libqt5quick5 libqt5sensors5 libqt5serialport5
#7 23.72   libqt5sql5 libqt5svg5 libqt5webchannel5 libqt5webkit5 libqt5widgets5
#7 23.72   libqt5xml5 librbio2 librdmacm1 librsvg2-2 librsvg2-common libsndfile1
#7 23.72   libspatialindex6 libspatialite7 libspqr2 libsuitesparse-dev
#7 23.72   libsuitesparseconfig5 libsuperlu5 libsz2 libudunits2-0 libudunits2-data
#7 23.72   libumfpack5 liburiparser1 libvorbis0a libvorbisenc2 libwacom-common
#7 23.72   libwacom2 libwayland-client0 libwayland-server0 libwebpmux3 libwoff1
#7 23.72   libwrap0 libxaw7 libxcb-icccm4 libxcb-image0 libxcb-keysyms1 libxcb-randr0
#7 23.72   libxcb-render-util0 libxcb-shape0 libxcb-util1 libxcb-xinerama0
#7 23.72   libxcb-xinput0 libxcb-xkb1 libxcomposite1 libxcursor1 libxdamage1
#7 23.72   libxerces-c3.2 libxft2 libxinerama1 libxkbcommon-x11-0 libxkbcommon0
#7 23.72   libxkbfile1 libxmu6 libxmuu1 libxnvctrl0 libxpm4 libxrandr2 libxslt1.1
#7 23.72   libxt6 libxv1 libxxf86dga1 libzip5 mpi-default-bin mpi-default-dev
#7 23.72   ocl-icd-libopencl1 openjdk-8-jdk-headless openjdk-8-jre
#7 23.72   openjdk-8-jre-headless openmpi-bin openmpi-common openssh-client patch
#7 23.72   pinentry-curses proj-data python-pip-whl python3-pkg-resources
#7 23.72   python3-setuptools python3-wheel python3.8-dev shared-mime-info ubuntu-mono
#7 23.72   x11-utils xkb-data
#7 23.72 Suggested packages:
#7 23.72   dbus-user-session libpam-systemd pinentry-gnome3 tor debian-keyring
#7 23.72   parcimonie xloadimage scdaemon imagemagick-doc autotrace cups-bsd | lpr
#7 23.72   | lprng enscript ffmpeg gimp gnuplot grads graphviz groff-base hp2xx html2ps
#7 23.72   libwmf-bin mplayer povray radiance sane-utils texlive-base-bin transfig
#7 23.72   ufraw-batch xdg-utils isoquery default-jre libasound2-plugins alsa-utils
#7 23.72   libboost-doc libboost1.71-doc gccxml libboost-contract1.71-dev
#7 23.72   libmpfrc++-dev libntl-dev xsltproc doxygen docbook-xml docbook-xsl
#7 23.72   default-jdk fop cups-common libfftw3-doc geotiff-bin gdal-bin
#7 23.72   libgeotiff-epsg libiodbc2-dev gmp-doc libgmp10-doc libmpfr-dev gsl-ref-psdoc
#7 23.72   | gsl-doc-pdf | gsl-doc-info | gsl-ref-html libvisual-0.4-plugins
#7 23.72   gstreamer1.0-tools gvfs libhdf4-doc libhdf4-alt-dev hdf4-tools libhdf5-doc
#7 23.72   libhwloc-contrib-plugins liblcms2-utils libmagickcore-6.q16-6-extra ogdi-bin
#7 23.72   openmpi-doc pcscd proj-bin pulseaudio qt5-image-formats-plugins qtwayland5
#7 23.72   qt5-qmltooling-plugins librsvg2-bin seccomp opencl-icd openjdk-8-demo
#7 23.72   openjdk-8-source visualvm libnss-mdns fonts-dejavu-extra
#7 23.72   fonts-ipafont-gothic fonts-ipafont-mincho fonts-wqy-microhei
#7 23.72   fonts-wqy-zenhei fonts-indic keychain libpam-ssh monkeysphere ssh-askpass ed
#7 23.72   diffutils-doc pinentry-doc python-setuptools-doc mesa-utils
#7 23.72 Recommended packages:
#7 23.72   fakeroot libalgorithm-merge-perl libmagickcore-6.q16-6-extra ghostscript
#7 23.72   netpbm alsa-ucm-conf alsa-topology-conf at-spi2-core bzip2-doc libpam-cap
#7 23.72   dbus dmsetup proj-bin libgdk-pixbuf2.0-bin gstreamer1.0-plugins-base
#7 23.72   libgail-common libgtk2.0-bin libcoarrays-openmpi-dev poppler-data
#7 23.72   libqca-qt5-2-plugins qttranslations5-l10n qt5-gtk-platformtheme
#7 23.72   gnome-keyring | kwalletmanager geoclue-2.0 libqt5sql5-sqlite
#7 23.72   | libqt5sql5-mysql | libqt5sql5-odbc | libqt5sql5-psql | libqt5sql5-tds
#7 23.72   | libqt5sql5-ibase libwacom-bin libxt-dev fonts-dejavu-extra xauth
#7 27.27 The following NEW packages will be installed:
#7 27.27   adwaita-icon-theme build-essential ca-certificates-java cryptsetup-bin curl
#7 27.27   dirmngr dpkg-dev gdal-data gnupg gnupg-l10n gnupg-utils gpg gpg-agent
#7 27.27   gpg-wks-client gpg-wks-server gpgconf gpgsm gtk-update-icon-cache
#7 27.27   hdf5-helpers hicolor-icon-theme humanity-icon-theme ibverbs-providers
#7 27.27   imagemagick imagemagick-6-common imagemagick-6.q16 iso-codes java-common
#7 27.27   libaec-dev libaec0 libamd2 libargon2-1 libarmadillo9 libarpack2 libasound2
#7 27.27   libasound2-data libassuan-dev libassuan0 libasyncns0 libatk-bridge2.0-0
#7 27.27   libatk-wrapper-java libatk-wrapper-java-jni libatk1.0-0 libatk1.0-data
#7 27.27   libatspi2.0-0 libavahi-client3 libavahi-common-data libavahi-common3
#7 27.27   libboost-all-dev libboost-atomic-dev libboost-atomic1.71-dev
#7 27.27   libboost-atomic1.71.0 libboost-chrono-dev libboost-chrono1.71-dev
#7 27.27   libboost-chrono1.71.0 libboost-container-dev libboost-container1.71-dev
#7 27.27   libboost-container1.71.0 libboost-context-dev libboost-context1.71-dev
#7 27.27   libboost-context1.71.0 libboost-coroutine-dev libboost-coroutine1.71-dev
#7 27.27   libboost-coroutine1.71.0 libboost-date-time-dev libboost-date-time1.71-dev
#7 27.27   libboost-date-time1.71.0 libboost-dev libboost-exception-dev
#7 27.27   libboost-exception1.71-dev libboost-fiber-dev libboost-fiber1.71-dev
#7 27.27   libboost-fiber1.71.0 libboost-filesystem-dev libboost-filesystem1.71-dev
#7 27.27   libboost-filesystem1.71.0 libboost-graph-dev libboost-graph-parallel-dev
#7 27.27   libboost-graph-parallel1.71-dev libboost-graph-parallel1.71.0
#7 27.27   libboost-graph1.71-dev libboost-graph1.71.0 libboost-iostreams-dev
#7 27.27   libboost-iostreams1.71-dev libboost-iostreams1.71.0 libboost-locale-dev
#7 27.27   libboost-locale1.71-dev libboost-locale1.71.0 libboost-log-dev
#7 27.27   libboost-log1.71-dev libboost-log1.71.0 libboost-math-dev
#7 27.27   libboost-math1.71-dev libboost-math1.71.0 libboost-mpi-dev
#7 27.27   libboost-mpi-python-dev libboost-mpi-python1.71-dev
#7 27.27   libboost-mpi-python1.71.0 libboost-mpi1.71-dev libboost-mpi1.71.0
#7 27.27   libboost-numpy-dev libboost-numpy1.71-dev libboost-numpy1.71.0
#7 27.27   libboost-program-options-dev libboost-program-options1.71-dev
#7 27.27   libboost-program-options1.71.0 libboost-python-dev libboost-python1.71-dev
#7 27.27   libboost-python1.71.0 libboost-random-dev libboost-random1.71-dev
#7 27.27   libboost-random1.71.0 libboost-regex-dev libboost-regex1.71-dev
#7 27.27   libboost-regex1.71.0 libboost-serialization-dev
#7 27.27   libboost-serialization1.71-dev libboost-serialization1.71.0
#7 27.27   libboost-stacktrace-dev libboost-stacktrace1.71-dev
#7 27.27   libboost-stacktrace1.71.0 libboost-system-dev libboost-system1.71-dev
#7 27.27   libboost-system1.71.0 libboost-test-dev libboost-test1.71-dev
#7 27.27   libboost-test1.71.0 libboost-thread-dev libboost-thread1.71-dev
#7 27.27   libboost-thread1.71.0 libboost-timer-dev libboost-timer1.71-dev
#7 27.27   libboost-timer1.71.0 libboost-tools-dev libboost-type-erasure-dev
#7 27.27   libboost-type-erasure1.71-dev libboost-type-erasure1.71.0 libboost-wave-dev
#7 27.27   libboost-wave1.71-dev libboost-wave1.71.0 libboost1.71-dev
#7 27.27   libboost1.71-tools-dev libbtf1 libbz2-dev libcamd2 libcap2 libcap2-bin
#7 27.27   libcbor0.6 libccolamd2 libcfitsio8 libcharls2 libcholmod3 libcolamd2
#7 27.27   libcryptsetup12 libcups2 libcxsparse3 libdap25 libdapclient6v5 libdbus-1-3
#7 27.27   libdevmapper1.02.1 libdouble-conversion3 libegl-mesa0 libegl1 libepsilon1
#7 27.27   libevdev2 libevent-2.1-7 libevent-core-2.1-7 libevent-dev
#7 27.27   libevent-extra-2.1-7 libevent-openssl-2.1-7 libevent-pthreads-2.1-7
#7 27.27   libfabric1 libfftw3-bin libfftw3-dev libfftw3-double3 libfftw3-long3
#7 27.27   libfftw3-quad3 libfftw3-single3 libfido2-1 libflac8 libfontenc1 libfreexl1
#7 27.27   libfyba0 libgbm1 libgdal26 libgdk-pixbuf2.0-0 libgdk-pixbuf2.0-common
#7 27.27   libgeos-3.8.0 libgeos-c1v5 libgeotiff5 libgif7 libglpk-dev libglpk40
#7 27.27   libgmp-dev libgmpxx4ldbl libgpgme-dev libgpgme11 libgraphblas3 libgsl-dev
#7 27.27   libgsl23 libgslcblas0 libgstreamer-plugins-base1.0-0 libgstreamer1.0-0
#7 27.27   libgtk2.0-0 libgtk2.0-common libgudev-1.0-0 libhdf4-0-alt libhdf5-103
#7 27.27   libhdf5-cpp-103 libhdf5-dev libhwloc-dev libhwloc-plugins libhwloc15
#7 27.27   libhyphen0 libibverbs-dev libibverbs1 libinput-bin libinput10 libjson-c4
#7 27.27   libklu1 libkmlbase1 libkmldom1 libkmlengine1 libksba8 liblcms2-2 libldl2
#7 27.27   liblqr-1-0 libmagickcore-6.q16-6 libmagickwand-6.q16-6 libmetis5 libminizip1
#7 27.27   libmongoose2 libmtdev1 libnetcdf15 libnl-3-200 libnl-3-dev libnl-route-3-200
#7 27.27   libnl-route-3-dev libnpth0 libnspr4 libnss3 libnuma-dev libnuma1 libogdi4.1
#7 27.27   libogg0 libopenjp2-7 libopenmpi-dev libopenmpi3 liborc-0.4-0 libpcsclite1
#7 27.28   libpmix2 libpoppler97 libpopt0 libproj15 libpsm-infinipath1 libpsm2-2
#7 27.28   libpulse0 libpython3-dev libpython3.8 libpython3.8-dev libqca-qt5-2
#7 27.28   libqgis-core3.10.4 libqgispython3.10.4 libqhull7 libqt5concurrent5
#7 27.28   libqt5core5a libqt5dbus5 libqt5gui5 libqt5keychain1 libqt5network5
#7 27.28   libqt5positioning5 libqt5printsupport5 libqt5qml5 libqt5quick5
#7 27.28   libqt5sensors5 libqt5serialport5 libqt5sql5 libqt5svg5 libqt5webchannel5
#7 27.28   libqt5webkit5 libqt5widgets5 libqt5xml5 librbio2 librdmacm1 librsvg2-2
#7 27.28   librsvg2-common libseccomp-dev libsndfile1 libspatialindex6 libspatialite7
#7 27.28   libspqr2 libsuitesparse-dev libsuitesparseconfig5 libsuperlu5 libsz2
#7 27.28   libudunits2-0 libudunits2-data libudunits2-dev libumfpack5 liburiparser1
#7 27.28   libvorbis0a libvorbisenc2 libwacom-common libwacom2 libwayland-client0
#7 27.28   libwayland-server0 libwebpmux3 libwoff1 libwrap0 libxaw7 libxcb-icccm4
#7 27.28   libxcb-image0 libxcb-keysyms1 libxcb-randr0 libxcb-render-util0
#7 27.28   libxcb-shape0 libxcb-util1 libxcb-xinerama0 libxcb-xinput0 libxcb-xkb1
#7 27.28   libxcomposite1 libxcursor1 libxdamage1 libxerces-c3.2 libxft2 libxinerama1
#7 27.28   libxkbcommon-x11-0 libxkbcommon0 libxkbfile1 libxmu6 libxmuu1 libxnvctrl0
#7 27.28   libxpm4 libxrandr2 libxslt1.1 libxt6 libxv1 libxxf86dga1 libzip5
#7 27.28   mpi-default-bin mpi-default-dev ocl-icd-libopencl1 openjdk-8-jdk
#7 27.28   openjdk-8-jdk-headless openjdk-8-jre openjdk-8-jre-headless openmpi-bin
#7 27.28   openmpi-common openssh-client patch pinentry-curses proj-data python-pip-whl
#7 27.28   python3-dev python3-pip python3-pkg-resources python3-setuptools
#7 27.28   python3-wheel python3.8-dev shared-mime-info squashfs-tools ubuntu-mono
#7 27.28   x11-utils xkb-data
#7 27.55 0 upgraded, 363 newly installed, 0 to remove and 12 not upgraded.
#7 27.55 Need to get 185 MB of archives.
#7 27.55 After this operation, 1,045 MB of additional disk space will be used.
#7 27.55 Get:1 http://archive.ubuntu.com/ubuntu focal/main amd64 libfftw3-double3 amd64 3.3.8-2ubuntu1 [728 kB]
#7 27.80 Get:2 http://archive.ubuntu.com/ubuntu focal/main amd64 liblcms2-2 amd64 2.9-4 [140 kB]
#7 27.81 Get:3 http://archive.ubuntu.com/ubuntu focal/universe amd64 liblqr-1-0 amd64 0.4.2-2.1 [27.7 kB]
#7 27.82 Get:4 http://archive.ubuntu.com/ubuntu focal-updates/main amd64 libwebpmux3 amd64 0.6.1-2ubuntu0.20.04.1 [19.5 kB]
#7 27.82 Get:5 http://archive.ubuntu.com/ubuntu focal-updates/universe amd64 imagemagick-6-common all 8:6.9.10.23+dfsg-2.1ubuntu11.4 [60.9 kB]
#7 27.83 Get:6 http://archive.ubuntu.com/ubuntu focal-updates/universe amd64 libmagickcore-6.q16-6 amd64 8:6.9.10.23+dfsg-2.1ubuntu11.4 [1,647 kB]
#7 28.05 Get:7 http://archive.ubuntu.com/ubuntu focal-updates/universe amd64 libmagickwand-6.q16-6 amd64 8:6.9.10.23+dfsg-2.1ubuntu11.4 [303 kB]
#7 28.09 Get:8 http://archive.ubuntu.com/ubuntu focal/universe amd64 libdouble-conversion3 amd64 3.1.5-4ubuntu1 [37.9 kB]
#7 28.09 Get:9 http://archive.ubuntu.com/ubuntu focal-updates/universe amd64 libqt5core5a amd64 5.12.8+dfsg-0ubuntu2.1 [2,006 kB]
#7 28.35 Get:10 http://archive.ubuntu.com/ubuntu focal-updates/main amd64 libwayland-server0 amd64 1.18.0-1ubuntu0.1 [31.3 kB]
#7 28.36 Get:11 http://archive.ubuntu.com/ubuntu focal-updates/main amd64 libgbm1 amd64 21.2.6-0ubuntu0.1~20.04.2 [29.2 kB]
#7 28.37 Get:12 http://archive.ubuntu.com/ubuntu focal-updates/main amd64 libwayland-client0 amd64 1.18.0-1ubuntu0.1 [23.9 kB]
#7 28.37 Get:13 http://archive.ubuntu.com/ubuntu focal-updates/main amd64 libegl-mesa0 amd64 21.2.6-0ubuntu0.1~20.04.2 [96.3 kB]
#7 28.38 Get:14 http://archive.ubuntu.com/ubuntu focal-updates/main amd64 libegl1 amd64 1.3.2-1~ubuntu0.20.04.2 [31.9 kB]
#7 28.39 Get:15 http://archive.ubuntu.com/ubuntu focal-updates/main amd64 libevdev2 amd64 1.9.0+dfsg-1ubuntu0.2 [31.6 kB]
#7 28.40 Get:16 http://archive.ubuntu.com/ubuntu focal/main amd64 libmtdev1 amd64 1.1.5-1.1 [14.2 kB]
#7 28.40 Get:17 http://archive.ubuntu.com/ubuntu focal/main amd64 libgudev-1.0-0 amd64 1:233-1 [14.0 kB]
#7 28.40 Get:18 http://archive.ubuntu.com/ubuntu focal-updates/main amd64 libwacom-common all 1.3-2ubuntu3 [45.3 kB]
#7 28.41 Get:19 http://archive.ubuntu.com/ubuntu focal-updates/main amd64 libwacom2 amd64 1.3-2ubuntu3 [20.0 kB]
#7 28.41 Get:20 http://archive.ubuntu.com/ubuntu focal-updates/main amd64 libinput-bin amd64 1.15.5-1ubuntu0.3 [19.3 kB]
#7 28.42 Get:21 http://archive.ubuntu.com/ubuntu focal-updates/main amd64 libinput10 amd64 1.15.5-1ubuntu0.3 [112 kB]
#7 28.44 Get:22 http://archive.ubuntu.com/ubuntu focal-updates/main amd64 libdbus-1-3 amd64 1.12.16-2ubuntu2.2 [179 kB]
#7 28.46 Get:23 http://archive.ubuntu.com/ubuntu focal-updates/universe amd64 libqt5dbus5 amd64 5.12.8+dfsg-0ubuntu2.1 [208 kB]
#7 28.49 Get:24 http://archive.ubuntu.com/ubuntu focal-updates/universe amd64 libqt5network5 amd64 5.12.8+dfsg-0ubuntu2.1 [673 kB]
#7 28.58 Get:25 http://archive.ubuntu.com/ubuntu focal/main amd64 libxcb-icccm4 amd64 0.4.1-1.1 [10.8 kB]
#7 28.58 Get:26 http://archive.ubuntu.com/ubuntu focal/main amd64 libxcb-util1 amd64 0.4.0-0ubuntu3 [11.2 kB]
#7 28.58 Get:27 http://archive.ubuntu.com/ubuntu focal/main amd64 libxcb-image0 amd64 0.4.0-1build1 [12.3 kB]
#7 28.58 Get:28 http://archive.ubuntu.com/ubuntu focal/main amd64 libxcb-keysyms1 amd64 0.4.0-1build1 [8,452 B]
#7 28.58 Get:29 http://archive.ubuntu.com/ubuntu focal/main amd64 libxcb-randr0 amd64 1.14-2 [16.3 kB]
#7 28.58 Get:30 http://archive.ubuntu.com/ubuntu focal/main amd64 libxcb-render-util0 amd64 0.3.9-1build1 [9,912 B]
#7 28.59 Get:31 http://archive.ubuntu.com/ubuntu focal/main amd64 libxcb-shape0 amd64 1.14-2 [5,928 B]
#7 28.59 Get:32 http://archive.ubuntu.com/ubuntu focal/main amd64 libxcb-xinerama0 amd64 1.14-2 [5,260 B]
#7 28.59 Get:33 http://archive.ubuntu.com/ubuntu focal/main amd64 libxcb-xinput0 amd64 1.14-2 [29.3 kB]
#7 28.62 Get:34 http://archive.ubuntu.com/ubuntu focal/main amd64 libxcb-xkb1 amd64 1.14-2 [29.6 kB]
#7 28.62 Get:35 http://archive.ubuntu.com/ubuntu focal/main amd64 xkb-data all 2.29-2 [349 kB]
#7 28.65 Get:36 http://archive.ubuntu.com/ubuntu focal/main amd64 libxkbcommon0 amd64 0.10.0-1 [98.4 kB]
#7 28.66 Get:37 http://archive.ubuntu.com/ubuntu focal/main amd64 libxkbcommon-x11-0 amd64 0.10.0-1 [13.4 kB]
#7 28.67 Get:38 http://archive.ubuntu.com/ubuntu focal-updates/universe amd64 libqt5gui5 amd64 5.12.8+dfsg-0ubuntu2.1 [2,971 kB]
#7 29.04 Get:39 http://archive.ubuntu.com/ubuntu focal-updates/universe amd64 libqt5widgets5 amd64 5.12.8+dfsg-0ubuntu2.1 [2,295 kB]
#7 29.34 Get:40 http://archive.ubuntu.com/ubuntu focal/universe amd64 libqt5svg5 amd64 5.12.8-0ubuntu1 [131 kB]
#7 29.35 Get:41 http://archive.ubuntu.com/ubuntu focal/main amd64 libcap2 amd64 1:2.32-1 [15.9 kB]
#7 29.36 Get:42 http://archive.ubuntu.com/ubuntu focal/main amd64 libcap2-bin amd64 1:2.32-1 [26.2 kB]
#7 29.36 Get:43 http://archive.ubuntu.com/ubuntu focal-updates/main amd64 libgstreamer1.0-0 amd64 1.16.3-0ubuntu1.1 [894 kB]
#7 29.48 Get:44 http://archive.ubuntu.com/ubuntu focal/main amd64 liborc-0.4-0 amd64 1:0.4.31-1 [188 kB]
#7 29.49 Get:45 http://archive.ubuntu.com/ubuntu focal/main amd64 iso-codes all 4.4-1 [2,695 kB]
#7 29.71 Get:46 http://archive.ubuntu.com/ubuntu focal-updates/main amd64 libgstreamer-plugins-base1.0-0 amd64 1.16.3-0ubuntu1.1 [740 kB]
#7 29.81 Get:47 http://archive.ubuntu.com/ubuntu focal/main amd64 libhyphen0 amd64 2.8.8-7 [27.0 kB]
#7 29.81 Get:48 http://archive.ubuntu.com/ubuntu focal/universe amd64 libqt5positioning5 amd64 5.12.8+dfsg-0ubuntu1 [197 kB]
#7 29.83 Get:49 http://archive.ubuntu.com/ubuntu focal-updates/main amd64 libavahi-common-data amd64 0.7-4ubuntu7.1 [21.4 kB]
#7 29.84 Get:50 http://archive.ubuntu.com/ubuntu focal-updates/main amd64 libavahi-common3 amd64 0.7-4ubuntu7.1 [21.7 kB]
#7 29.84 Get:51 http://archive.ubuntu.com/ubuntu focal-updates/main amd64 libavahi-client3 amd64 0.7-4ubuntu7.1 [25.5 kB]
#7 29.84 Get:52 http://archive.ubuntu.com/ubuntu focal-updates/main amd64 libcups2 amd64 2.3.1-9ubuntu1.2 [233 kB]
#7 29.88 Get:53 http://archive.ubuntu.com/ubuntu focal-updates/universe amd64 libqt5printsupport5 amd64 5.12.8+dfsg-0ubuntu2.1 [193 kB]
#7 29.90 Get:54 http://archive.ubuntu.com/ubuntu focal/universe amd64 libqt5qml5 amd64 5.12.8-0ubuntu1 [1,438 kB]
#7 30.03 Get:55 http://archive.ubuntu.com/ubuntu focal/universe amd64 libqt5quick5 amd64 5.12.8-0ubuntu1 [1,335 kB]
#7 30.14 Get:56 http://archive.ubuntu.com/ubuntu focal/universe amd64 libqt5sensors5 amd64 5.12.8-0ubuntu1 [114 kB]
#7 30.16 Get:57 http://archive.ubuntu.com/ubuntu focal/universe amd64 libqt5webchannel5 amd64 5.12.8-0ubuntu1 [51.2 kB]
#7 30.16 Get:58 http://archive.ubuntu.com/ubuntu focal/main amd64 libwoff1 amd64 1.0.2-1build2 [42.0 kB]
#7 30.17 Get:59 http://archive.ubuntu.com/ubuntu focal-updates/main amd64 libxslt1.1 amd64 1.1.34-4ubuntu0.20.04.1 [151 kB]
#7 30.19 Get:60 http://archive.ubuntu.com/ubuntu focal-updates/universe amd64 libqt5webkit5 amd64 5.212.0~alpha4-1ubuntu2.1 [12.1 MB]
#7 31.71 Get:61 http://archive.ubuntu.com/ubuntu focal/main amd64 libargon2-1 amd64 0~20171227-0.2 [19.2 kB]
#7 31.72 Get:62 http://archive.ubuntu.com/ubuntu focal/main amd64 libdevmapper1.02.1 amd64 2:1.02.167-1ubuntu1 [127 kB]
#7 31.73 Get:63 http://archive.ubuntu.com/ubuntu focal-updates/main amd64 libjson-c4 amd64 0.13.1+dfsg-7ubuntu0.3 [29.3 kB]
#7 31.73 Get:64 http://archive.ubuntu.com/ubuntu focal-updates/main amd64 libcryptsetup12 amd64 2:2.2.2-3ubuntu2.4 [166 kB]
#7 31.75 Get:65 http://archive.ubuntu.com/ubuntu focal/main amd64 libpopt0 amd64 1.16-14 [26.3 kB]
#7 31.76 Get:66 http://archive.ubuntu.com/ubuntu focal/main amd64 python3-pkg-resources all 45.2.0-1 [130 kB]
#7 31.77 Get:67 http://archive.ubuntu.com/ubuntu focal/main amd64 shared-mime-info amd64 1.15-1 [430 kB]
#7 31.81 Get:68 http://archive.ubuntu.com/ubuntu focal/main amd64 libcbor0.6 amd64 0.6.0-0ubuntu1 [21.1 kB]
#7 31.81 Get:69 http://archive.ubuntu.com/ubuntu focal/main amd64 libfido2-1 amd64 1.3.1-1ubuntu2 [47.9 kB]
#7 31.82 Get:70 http://archive.ubuntu.com/ubuntu focal/main amd64 libnuma1 amd64 2.0.12-1 [20.8 kB]
#7 31.82 Get:71 http://archive.ubuntu.com/ubuntu focal/main amd64 libxmuu1 amd64 2:1.1.3-0ubuntu1 [9,728 B]
#7 31.82 Get:72 http://archive.ubuntu.com/ubuntu focal-updates/main amd64 openssh-client amd64 1:8.2p1-4ubuntu0.5 [671 kB]
#7 31.91 Get:73 http://archive.ubuntu.com/ubuntu focal/main amd64 hicolor-icon-theme all 0.17-2 [9,976 B]
#7 31.91 Get:74 http://archive.ubuntu.com/ubuntu focal-updates/main amd64 libgdk-pixbuf2.0-common all 2.40.0+dfsg-3ubuntu0.4 [4,592 B]
#7 31.91 Get:75 http://archive.ubuntu.com/ubuntu focal-updates/main amd64 libgdk-pixbuf2.0-0 amd64 2.40.0+dfsg-3ubuntu0.4 [168 kB]
#7 31.94 Get:76 http://archive.ubuntu.com/ubuntu focal-updates/main amd64 gtk-update-icon-cache amd64 3.24.20-0ubuntu1.1 [28.8 kB]
#7 31.94 Get:77 http://archive.ubuntu.com/ubuntu focal-updates/main amd64 librsvg2-2 amd64 2.48.9-1ubuntu0.20.04.1 [2,253 kB]
#7 32.23 Get:78 http://archive.ubuntu.com/ubuntu focal-updates/main amd64 librsvg2-common amd64 2.48.9-1ubuntu0.20.04.1 [9,212 B]
#7 32.23 Get:79 http://archive.ubuntu.com/ubuntu focal/main amd64 humanity-icon-theme all 0.6.15 [1,250 kB]
#7 32.34 Get:80 http://archive.ubuntu.com/ubuntu focal/main amd64 ubuntu-mono all 19.04-0ubuntu3 [147 kB]
#7 32.35 Get:81 http://archive.ubuntu.com/ubuntu focal-updates/main amd64 adwaita-icon-theme all 3.36.1-2ubuntu0.20.04.2 [3,441 kB]
#7 32.79 Get:82 http://archive.ubuntu.com/ubuntu focal/main amd64 patch amd64 2.7.6-6 [105 kB]
#7 32.80 Get:83 http://archive.ubuntu.com/ubuntu focal-updates/main amd64 dpkg-dev all 1.19.7ubuntu3.2 [679 kB]
#7 32.88 Get:84 http://archive.ubuntu.com/ubuntu focal-updates/main amd64 build-essential amd64 12.8ubuntu1.1 [4,664 B]
#7 32.89 Get:85 http://archive.ubuntu.com/ubuntu focal/main amd64 java-common all 0.72 [6,816 B]
#7 32.89 Get:86 http://archive.ubuntu.com/ubuntu focal/main amd64 libnspr4 amd64 2:4.25-1 [107 kB]
#7 32.90 Get:87 http://archive.ubuntu.com/ubuntu focal-updates/main amd64 libnss3 amd64 2:3.49.1-1ubuntu1.8 [1,256 kB]
#7 33.06 Get:88 http://archive.ubuntu.com/ubuntu focal/main amd64 libpcsclite1 amd64 1.8.26-3 [22.0 kB]
#7 33.06 Get:89 http://archive.ubuntu.com/ubuntu focal-updates/universe amd64 openjdk-8-jre-headless amd64 8u342-b07-0ubuntu1~20.04 [28.2 MB]
#7 36.64 Get:90 http://archive.ubuntu.com/ubuntu focal/main amd64 ca-certificates-java all 20190405ubuntu1 [12.2 kB]
#7 36.64 Get:91 http://archive.ubuntu.com/ubuntu focal-updates/main amd64 cryptsetup-bin amd64 2:2.2.2-3ubuntu2.4 [119 kB]
#7 36.66 Get:92 http://archive.ubuntu.com/ubuntu focal-updates/main amd64 curl amd64 7.68.0-1ubuntu2.13 [161 kB]
#7 36.68 Get:93 http://archive.ubuntu.com/ubuntu focal/main amd64 libassuan0 amd64 2.5.3-7ubuntu2 [35.7 kB]
#7 36.69 Get:94 http://archive.ubuntu.com/ubuntu focal-updates/main amd64 gpgconf amd64 2.2.19-3ubuntu2.2 [124 kB]
#7 36.71 Get:95 http://archive.ubuntu.com/ubuntu focal/main amd64 libksba8 amd64 1.3.5-2 [92.6 kB]
#7 36.71 Get:96 http://archive.ubuntu.com/ubuntu focal/main amd64 libnpth0 amd64 1.6-1 [7,736 B]
#7 36.72 Get:97 http://archive.ubuntu.com/ubuntu focal-updates/main amd64 dirmngr amd64 2.2.19-3ubuntu2.2 [330 kB]
#7 36.76 Get:98 http://archive.ubuntu.com/ubuntu focal/universe amd64 gdal-data all 3.0.4+dfsg-1build3 [186 kB]
#7 36.78 Get:99 http://archive.ubuntu.com/ubuntu focal-updates/main amd64 gnupg-l10n all 2.2.19-3ubuntu2.2 [51.7 kB]
#7 36.79 Get:100 http://archive.ubuntu.com/ubuntu focal-updates/main amd64 gnupg-utils amd64 2.2.19-3ubuntu2.2 [481 kB]
#7 36.85 Get:101 http://archive.ubuntu.com/ubuntu focal-updates/main amd64 gpg amd64 2.2.19-3ubuntu2.2 [482 kB]
#7 36.98 Get:102 http://archive.ubuntu.com/ubuntu focal/main amd64 pinentry-curses amd64 1.1.0-3build1 [36.3 kB]
#7 37.06 Get:103 http://archive.ubuntu.com/ubuntu focal-updates/main amd64 gpg-agent amd64 2.2.19-3ubuntu2.2 [232 kB]
#7 37.16 Get:104 http://archive.ubuntu.com/ubuntu focal-updates/main amd64 gpg-wks-client amd64 2.2.19-3ubuntu2.2 [97.4 kB]
#7 37.18 Get:105 http://archive.ubuntu.com/ubuntu focal-updates/main amd64 gpg-wks-server amd64 2.2.19-3ubuntu2.2 [90.2 kB]
#7 37.20 Get:106 http://archive.ubuntu.com/ubuntu focal-updates/main amd64 gpgsm amd64 2.2.19-3ubuntu2.2 [217 kB]
#7 37.23 Get:107 http://archive.ubuntu.com/ubuntu focal-updates/main amd64 gnupg all 2.2.19-3ubuntu2.2 [259 kB]
#7 37.26 Get:108 http://archive.ubuntu.com/ubuntu focal/universe amd64 hdf5-helpers amd64 1.10.4+repack-11ubuntu1 [13.6 kB]
#7 37.26 Get:109 http://archive.ubuntu.com/ubuntu focal/main amd64 libnl-3-200 amd64 3.4.0-1 [53.9 kB]
#7 37.27 Get:110 http://archive.ubuntu.com/ubuntu focal/main amd64 libnl-route-3-200 amd64 3.4.0-1 [149 kB]
#7 37.28 Get:111 http://archive.ubuntu.com/ubuntu focal/main amd64 libibverbs1 amd64 28.0-1ubuntu1 [53.6 kB]
#7 37.29 Get:112 http://archive.ubuntu.com/ubuntu focal/main amd64 ibverbs-providers amd64 28.0-1ubuntu1 [232 kB]
#7 37.31 Get:113 http://archive.ubuntu.com/ubuntu focal-updates/universe amd64 imagemagick-6.q16 amd64 8:6.9.10.23+dfsg-2.1ubuntu11.4 [427 kB]
#7 37.37 Get:114 http://archive.ubuntu.com/ubuntu focal-updates/universe amd64 imagemagick amd64 8:6.9.10.23+dfsg-2.1ubuntu11.4 [14.4 kB]
#7 37.37 Get:115 http://archive.ubuntu.com/ubuntu focal/universe amd64 libaec0 amd64 1.0.4-1 [19.1 kB]
#7 37.38 Get:116 http://archive.ubuntu.com/ubuntu focal/main amd64 libsuitesparseconfig5 amd64 1:5.7.1+dfsg-2 [9,736 B]
#7 37.38 Get:117 http://archive.ubuntu.com/ubuntu focal/main amd64 libamd2 amd64 1:5.7.1+dfsg-2 [20.0 kB]
#7 37.38 Get:118 http://archive.ubuntu.com/ubuntu focal/universe amd64 libarpack2 amd64 3.7.0-3 [92.8 kB]
#7 37.39 Get:119 http://archive.ubuntu.com/ubuntu focal/universe amd64 libsuperlu5 amd64 5.2.1+dfsg1-4 [159 kB]
#7 37.40 Get:120 http://archive.ubuntu.com/ubuntu focal/universe amd64 libarmadillo9 amd64 1:9.800.4+dfsg-1build1 [93.2 kB]
#7 37.41 Get:121 http://archive.ubuntu.com/ubuntu focal-updates/main amd64 libasound2-data all 1.2.2-2.1ubuntu2.5 [20.1 kB]
#7 37.42 Get:122 http://archive.ubuntu.com/ubuntu focal-updates/main amd64 libasound2 amd64 1.2.2-2.1ubuntu2.5 [335 kB]
#7 37.46 Get:123 http://archive.ubuntu.com/ubuntu focal/main amd64 libassuan-dev amd64 2.5.3-7ubuntu2 [92.8 kB]
#7 37.47 Get:124 http://archive.ubuntu.com/ubuntu focal/main amd64 libasyncns0 amd64 0.8-6 [12.1 kB]
#7 37.47 Get:125 http://archive.ubuntu.com/ubuntu focal/main amd64 libatk1.0-data all 2.35.1-1ubuntu2 [2,964 B]
#7 37.47 Get:126 http://archive.ubuntu.com/ubuntu focal/main amd64 libatk1.0-0 amd64 2.35.1-1ubuntu2 [45.5 kB]
#7 37.48 Get:127 http://archive.ubuntu.com/ubuntu focal/main amd64 libatspi2.0-0 amd64 2.36.0-2 [64.2 kB]
#7 37.48 Get:128 http://archive.ubuntu.com/ubuntu focal-updates/main amd64 libatk-bridge2.0-0 amd64 2.34.2-0ubuntu2~20.04.1 [58.2 kB]
#7 37.49 Get:129 http://archive.ubuntu.com/ubuntu focal/main amd64 libfontenc1 amd64 1:1.1.4-0ubuntu1 [14.0 kB]
#7 37.49 Get:130 http://archive.ubuntu.com/ubuntu focal/main amd64 libxt6 amd64 1:1.1.5-1 [160 kB]
#7 37.51 Get:131 http://archive.ubuntu.com/ubuntu focal/main amd64 libxmu6 amd64 2:1.1.3-0ubuntu1 [45.8 kB]
#7 37.51 Get:132 http://archive.ubuntu.com/ubuntu focal/main amd64 libxpm4 amd64 1:3.5.12-1 [34.0 kB]
#7 37.52 Get:133 http://archive.ubuntu.com/ubuntu focal/main amd64 libxaw7 amd64 2:1.0.13-1 [173 kB]
#7 37.53 Get:134 http://archive.ubuntu.com/ubuntu focal/main amd64 libxcomposite1 amd64 1:0.4.5-1 [6,976 B]
#7 37.54 Get:135 http://archive.ubuntu.com/ubuntu focal/main amd64 libxft2 amd64 2.3.3-0ubuntu1 [39.2 kB]
#7 37.54 Get:136 http://archive.ubuntu.com/ubuntu focal/main amd64 libxinerama1 amd64 2:1.1.4-2 [6,904 B]
#7 37.54 Get:137 http://archive.ubuntu.com/ubuntu focal/main amd64 libxkbfile1 amd64 1:1.1.0-1 [65.3 kB]
#7 37.55 Get:138 http://archive.ubuntu.com/ubuntu focal/main amd64 libxrandr2 amd64 2:1.5.2-0ubuntu1 [18.5 kB]
#7 37.55 Get:139 http://archive.ubuntu.com/ubuntu focal/main amd64 libxv1 amd64 2:1.0.11-1 [10.7 kB]
#7 37.55 Get:140 http://archive.ubuntu.com/ubuntu focal/main amd64 libxxf86dga1 amd64 2:1.1.5-0ubuntu1 [12.0 kB]
#7 37.56 Get:141 http://archive.ubuntu.com/ubuntu focal/main amd64 x11-utils amd64 7.7+5 [199 kB]
#7 37.57 Get:142 http://archive.ubuntu.com/ubuntu focal/main amd64 libatk-wrapper-java all 0.37.1-1 [53.0 kB]
#7 37.58 Get:143 http://archive.ubuntu.com/ubuntu focal/main amd64 libatk-wrapper-java-jni amd64 0.37.1-1 [45.1 kB]
#7 37.59 Get:144 http://archive.ubuntu.com/ubuntu focal/main amd64 libboost1.71-dev amd64 1.71.0-6ubuntu6 [9,068 kB]
#7 38.32 Get:145 http://archive.ubuntu.com/ubuntu focal/main amd64 libboost-dev amd64 1.71.0.0ubuntu2 [3,596 B]
#7 38.32 Get:146 http://archive.ubuntu.com/ubuntu focal/main amd64 libboost1.71-tools-dev amd64 1.71.0-6ubuntu6 [1,414 kB]
#7 38.44 Get:147 http://archive.ubuntu.com/ubuntu focal/universe amd64 libboost-tools-dev amd64 1.71.0.0ubuntu2 [3,560 B]
#7 38.44 Get:148 http://archive.ubuntu.com/ubuntu focal/main amd64 libboost-atomic1.71.0 amd64 1.71.0-6ubuntu6 [205 kB]
#7 38.46 Get:149 http://archive.ubuntu.com/ubuntu focal/main amd64 libboost-atomic1.71-dev amd64 1.71.0-6ubuntu6 [205 kB]
#7 38.48 Get:150 http://archive.ubuntu.com/ubuntu focal/universe amd64 libboost-atomic-dev amd64 1.71.0.0ubuntu2 [3,704 B]
#7 38.48 Get:151 http://archive.ubuntu.com/ubuntu focal/main amd64 libboost-chrono1.71.0 amd64 1.71.0-6ubuntu6 [217 kB]
#7 38.50 Get:152 http://archive.ubuntu.com/ubuntu focal/main amd64 libboost-chrono1.71-dev amd64 1.71.0-6ubuntu6 [225 kB]
#7 38.52 Get:153 http://archive.ubuntu.com/ubuntu focal/universe amd64 libboost-chrono-dev amd64 1.71.0.0ubuntu2 [4,016 B]
#7 38.52 Get:154 http://archive.ubuntu.com/ubuntu focal/universe amd64 libboost-container1.71.0 amd64 1.71.0-6ubuntu6 [233 kB]
#7 38.54 Get:155 http://archive.ubuntu.com/ubuntu focal/universe amd64 libboost-container1.71-dev amd64 1.71.0-6ubuntu6 [236 kB]
#7 38.56 Get:156 http://archive.ubuntu.com/ubuntu focal/universe amd64 libboost-container-dev amd64 1.71.0.0ubuntu2 [3,868 B]
#7 38.56 Get:157 http://archive.ubuntu.com/ubuntu focal/main amd64 libboost-date-time1.71.0 amd64 1.71.0-6ubuntu6 [219 kB]
#7 38.58 Get:158 http://archive.ubuntu.com/ubuntu focal/main amd64 libboost-serialization1.71.0 amd64 1.71.0-6ubuntu6 [302 kB]
#7 38.61 Get:159 http://archive.ubuntu.com/ubuntu focal/main amd64 libboost-serialization1.71-dev amd64 1.71.0-6ubuntu6 [344 kB]
#7 38.64 Get:160 http://archive.ubuntu.com/ubuntu focal/main amd64 libboost-date-time1.71-dev amd64 1.71.0-6ubuntu6 [228 kB]
#7 38.66 Get:161 http://archive.ubuntu.com/ubuntu focal/main amd64 libboost-system1.71.0 amd64 1.71.0-6ubuntu6 [205 kB]
#7 38.68 Get:162 http://archive.ubuntu.com/ubuntu focal/main amd64 libboost-system1.71-dev amd64 1.71.0-6ubuntu6 [205 kB]
#7 38.70 Get:163 http://archive.ubuntu.com/ubuntu focal/main amd64 libboost-thread1.71.0 amd64 1.71.0-6ubuntu6 [249 kB]
#7 38.72 Get:164 http://archive.ubuntu.com/ubuntu focal/main amd64 libboost-thread1.71-dev amd64 1.71.0-6ubuntu6 [258 kB]
#7 38.74 Get:165 http://archive.ubuntu.com/ubuntu focal/main amd64 libboost-context1.71.0 amd64 1.71.0-6ubuntu6 [207 kB]
#7 38.76 Get:166 http://archive.ubuntu.com/ubuntu focal/universe amd64 libboost-context1.71-dev amd64 1.71.0-6ubuntu6 [208 kB]
#7 38.78 Get:167 http://archive.ubuntu.com/ubuntu focal/universe amd64 libboost-context-dev amd64 1.71.0.0ubuntu2 [3,584 B]
#7 38.78 Get:168 http://archive.ubuntu.com/ubuntu focal/universe amd64 libboost-coroutine1.71.0 amd64 1.71.0-6ubuntu6 [219 kB]
#7 38.80 Get:169 http://archive.ubuntu.com/ubuntu focal/universe amd64 libboost-coroutine1.71-dev amd64 1.71.0-6ubuntu6 [227 kB]
#7 38.82 Get:170 http://archive.ubuntu.com/ubuntu focal/universe amd64 libboost-coroutine-dev amd64 1.71.0.0ubuntu2 [3,660 B]
#7 38.82 Get:171 http://archive.ubuntu.com/ubuntu focal/universe amd64 libboost-date-time-dev amd64 1.71.0.0ubuntu2 [3,396 B]
#7 38.82 Get:172 http://archive.ubuntu.com/ubuntu focal/universe amd64 libboost-exception1.71-dev amd64 1.71.0-6ubuntu6 [203 kB]
#7 38.84 Get:173 http://archive.ubuntu.com/ubuntu focal/universe amd64 libboost-exception-dev amd64 1.71.0.0ubuntu2 [3,384 B]
#7 38.84 Get:174 http://archive.ubuntu.com/ubuntu focal/main amd64 libboost-filesystem1.71.0 amd64 1.71.0-6ubuntu6 [242 kB]
#7 38.86 Get:175 http://archive.ubuntu.com/ubuntu focal/main amd64 libboost-filesystem1.71-dev amd64 1.71.0-6ubuntu6 [258 kB]
#7 38.89 Get:176 http://archive.ubuntu.com/ubuntu focal/universe amd64 libboost-fiber1.71.0 amd64 1.71.0-6ubuntu6 [226 kB]
#7 38.91 Get:177 http://archive.ubuntu.com/ubuntu focal/universe amd64 libboost-fiber1.71-dev amd64 1.71.0-6ubuntu6 [237 kB]
#7 38.93 Get:178 http://archive.ubuntu.com/ubuntu focal/universe amd64 libboost-fiber-dev amd64 1.71.0.0ubuntu2 [3,824 B]
#7 38.93 Get:179 http://archive.ubuntu.com/ubuntu focal/main amd64 libboost-filesystem-dev amd64 1.71.0.0ubuntu2 [3,420 B]
#7 38.93 Get:180 http://archive.ubuntu.com/ubuntu focal/universe amd64 libboost-regex1.71.0 amd64 1.71.0-6ubuntu6 [471 kB]
#7 38.97 Get:181 http://archive.ubuntu.com/ubuntu focal/universe amd64 libboost-graph1.71.0 amd64 1.71.0-6ubuntu6 [297 kB]
#7 39.00 Get:182 http://archive.ubuntu.com/ubuntu focal/universe amd64 libboost-regex1.71-dev amd64 1.71.0-6ubuntu6 [557 kB]
#7 39.05 Get:183 http://archive.ubuntu.com/ubuntu focal/universe amd64 libboost-test1.71.0 amd64 1.71.0-6ubuntu6 [437 kB]
#7 39.09 Get:184 http://archive.ubuntu.com/ubuntu focal/universe amd64 libboost-test1.71-dev amd64 1.71.0-6ubuntu6 [513 kB]
#7 39.13 Get:185 http://archive.ubuntu.com/ubuntu focal/universe amd64 libboost-graph1.71-dev amd64 1.71.0-6ubuntu6 [317 kB]
#7 39.16 Get:186 http://archive.ubuntu.com/ubuntu focal/universe amd64 libboost-graph-dev amd64 1.71.0.0ubuntu2 [3,500 B]
#7 39.16 Get:187 http://archive.ubuntu.com/ubuntu focal/main amd64 libevent-2.1-7 amd64 2.1.11-stable-1 [138 kB]
#7 39.18 Get:188 http://archive.ubuntu.com/ubuntu focal/main amd64 libevent-core-2.1-7 amd64 2.1.11-stable-1 [89.1 kB]
#7 39.18 Get:189 http://archive.ubuntu.com/ubuntu focal/main amd64 libevent-pthreads-2.1-7 amd64 2.1.11-stable-1 [7,372 B]
#7 39.19 Get:190 http://archive.ubuntu.com/ubuntu focal/universe amd64 libpsm-infinipath1 amd64 3.3+20.604758e7-6 [168 kB]
#7 39.20 Get:191 http://archive.ubuntu.com/ubuntu focal/universe amd64 libpsm2-2 amd64 11.2.86-1 [178 kB]
#7 39.22 Get:192 http://archive.ubuntu.com/ubuntu focal/main amd64 librdmacm1 amd64 28.0-1ubuntu1 [64.9 kB]
#7 39.23 Get:193 http://archive.ubuntu.com/ubuntu focal/universe amd64 libfabric1 amd64 1.6.2-3 [396 kB]
#7 39.26 Get:194 http://archive.ubuntu.com/ubuntu focal/universe amd64 libhwloc15 amd64 2.1.0+dfsg-4 [134 kB]
#7 39.27 Get:195 http://archive.ubuntu.com/ubuntu focal-updates/main amd64 libxnvctrl0 amd64 470.57.01-0ubuntu0.20.04.3 [10.9 kB]
#7 39.28 Get:196 http://archive.ubuntu.com/ubuntu focal/main amd64 ocl-icd-libopencl1 amd64 2.2.11-1ubuntu1 [30.3 kB]
#7 39.28 Get:197 http://archive.ubuntu.com/ubuntu focal/universe amd64 libhwloc-plugins amd64 2.1.0+dfsg-4 [14.4 kB]
#7 39.28 Get:198 http://archive.ubuntu.com/ubuntu focal/universe amd64 libpmix2 amd64 3.1.5-1 [442 kB]
#7 39.32 Get:199 http://archive.ubuntu.com/ubuntu focal/universe amd64 libopenmpi3 amd64 4.0.3-0ubuntu1 [1,978 kB]
#7 39.49 Get:200 http://archive.ubuntu.com/ubuntu focal/universe amd64 libboost-mpi1.71.0 amd64 1.71.0-6ubuntu6 [257 kB]
#7 39.51 Get:201 http://archive.ubuntu.com/ubuntu focal/universe amd64 libboost-graph-parallel1.71.0 amd64 1.71.0-6ubuntu6 [267 kB]
#7 39.53 Get:202 http://archive.ubuntu.com/ubuntu focal/universe amd64 libboost-graph-parallel1.71-dev amd64 1.71.0-6ubuntu6 [271 kB]
#7 39.62 Get:203 http://archive.ubuntu.com/ubuntu focal/universe amd64 libboost-graph-parallel-dev amd64 1.71.0.0ubuntu2 [3,520 B]
#7 39.67 Get:204 http://archive.ubuntu.com/ubuntu focal/main amd64 libboost-iostreams1.71.0 amd64 1.71.0-6ubuntu6 [237 kB]
#7 39.81 Get:205 http://archive.ubuntu.com/ubuntu focal/universe amd64 libboost-iostreams1.71-dev amd64 1.71.0-6ubuntu6 [246 kB]
#7 39.84 Get:206 http://archive.ubuntu.com/ubuntu focal/universe amd64 libboost-iostreams-dev amd64 1.71.0.0ubuntu2 [3,380 B]
#7 39.85 Get:207 http://archive.ubuntu.com/ubuntu focal/main amd64 libboost-locale1.71.0 amd64 1.71.0-6ubuntu6 [430 kB]
#7 39.88 Get:208 http://archive.ubuntu.com/ubuntu focal/universe amd64 libboost-locale1.71-dev amd64 1.71.0-6ubuntu6 [548 kB]
#7 39.93 Get:209 http://archive.ubuntu.com/ubuntu focal/universe amd64 libboost-locale-dev amd64 1.71.0.0ubuntu2 [3,708 B]
#7 39.93 Get:210 http://archive.ubuntu.com/ubuntu focal/universe amd64 libboost-log1.71.0 amd64 1.71.0-6ubuntu6 [612 kB]
#7 39.99 Get:211 http://archive.ubuntu.com/ubuntu focal/universe amd64 libboost-log1.71-dev amd64 1.71.0-6ubuntu6 [835 kB]
#7 40.06 Get:212 http://archive.ubuntu.com/ubuntu focal/universe amd64 libboost-log-dev amd64 1.71.0.0ubuntu2 [3,592 B]
#7 40.06 Get:213 http://archive.ubuntu.com/ubuntu focal/universe amd64 libboost-math1.71.0 amd64 1.71.0-6ubuntu6 [492 kB]
#7 40.10 Get:214 http://archive.ubuntu.com/ubuntu focal/universe amd64 libboost-math1.71-dev amd64 1.71.0-6ubuntu6 [757 kB]
#7 40.16 Get:215 http://archive.ubuntu.com/ubuntu focal/universe amd64 libboost-math-dev amd64 1.71.0.0ubuntu2 [3,580 B]
#7 40.17 Get:216 http://archive.ubuntu.com/ubuntu focal/universe amd64 openmpi-common all 4.0.3-0ubuntu1 [151 kB]
#7 40.18 Get:217 http://archive.ubuntu.com/ubuntu focal/main amd64 libnl-3-dev amd64 3.4.0-1 [92.2 kB]
#7 40.19 Get:218 http://archive.ubuntu.com/ubuntu focal/main amd64 libnl-route-3-dev amd64 3.4.0-1 [166 kB]
#7 40.20 Get:219 http://archive.ubuntu.com/ubuntu focal/main amd64 libibverbs-dev amd64 28.0-1ubuntu1 [444 kB]
#7 40.24 Get:220 http://archive.ubuntu.com/ubuntu focal/main amd64 libnuma-dev amd64 2.0.12-1 [32.4 kB]
#7 40.25 Get:221 http://archive.ubuntu.com/ubuntu focal/universe amd64 libhwloc-dev amd64 2.1.0+dfsg-4 [205 kB]
#7 40.27 Get:222 http://archive.ubuntu.com/ubuntu focal/main amd64 libevent-extra-2.1-7 amd64 2.1.11-stable-1 [60.0 kB]
#7 40.27 Get:223 http://archive.ubuntu.com/ubuntu focal/main amd64 libevent-openssl-2.1-7 amd64 2.1.11-stable-1 [14.3 kB]
#7 40.27 Get:224 http://archive.ubuntu.com/ubuntu focal/main amd64 libevent-dev amd64 2.1.11-stable-1 [261 kB]
#7 40.30 Get:225 http://archive.ubuntu.com/ubuntu focal/universe amd64 openmpi-bin amd64 4.0.3-0ubuntu1 [67.4 kB]
#7 40.30 Get:226 http://archive.ubuntu.com/ubuntu focal/universe amd64 libopenmpi-dev amd64 4.0.3-0ubuntu1 [798 kB]
#7 40.37 Get:227 http://archive.ubuntu.com/ubuntu focal/universe amd64 mpi-default-dev amd64 1.13 [3,748 B]
#7 40.37 Get:228 http://archive.ubuntu.com/ubuntu focal/universe amd64 libboost-mpi1.71-dev amd64 1.71.0-6ubuntu6 [384 kB]
#7 40.41 Get:229 http://archive.ubuntu.com/ubuntu focal/universe amd64 libboost-mpi-dev amd64 1.71.0.0ubuntu2 [3,480 B]
#7 40.41 Get:230 http://archive.ubuntu.com/ubuntu focal/main amd64 libboost-python1.71.0 amd64 1.71.0-6ubuntu6 [278 kB]
#7 40.43 Get:231 http://archive.ubuntu.com/ubuntu focal/universe amd64 mpi-default-bin amd64 1.13 [2,968 B]
#7 40.43 Get:232 http://archive.ubuntu.com/ubuntu focal/universe amd64 libboost-mpi-python1.71.0 amd64 1.71.0-6ubuntu6 [347 kB]
#7 40.47 Get:233 http://archive.ubuntu.com/ubuntu focal/universe amd64 libboost-mpi-python1.71-dev amd64 1.71.0-6ubuntu6 [225 kB]
#7 40.49 Get:234 http://archive.ubuntu.com/ubuntu focal/universe amd64 libboost-mpi-python-dev amd64 1.71.0.0ubuntu2 [3,512 B]
#7 40.49 Get:235 http://archive.ubuntu.com/ubuntu focal/universe amd64 libboost-numpy1.71.0 amd64 1.71.0-6ubuntu6 [214 kB]
#7 40.51 Get:236 http://archive.ubuntu.com/ubuntu focal/universe amd64 libboost-numpy1.71-dev amd64 1.71.0-6ubuntu6 [218 kB]
#7 40.53 Get:237 http://archive.ubuntu.com/ubuntu focal/universe amd64 libboost-numpy-dev amd64 1.71.0.0ubuntu2 [3,424 B]
#7 40.53 Get:238 http://archive.ubuntu.com/ubuntu focal/main amd64 libboost-program-options1.71.0 amd64 1.71.0-6ubuntu6 [342 kB]
#7 40.56 Get:239 http://archive.ubuntu.com/ubuntu focal/main amd64 libboost-program-options1.71-dev amd64 1.71.0-6ubuntu6 [374 kB]
#7 40.59 Get:240 http://archive.ubuntu.com/ubuntu focal/main amd64 libboost-program-options-dev amd64 1.71.0.0ubuntu2 [3,408 B]
#7 40.60 Get:241 http://archive.ubuntu.com/ubuntu focal-updates/main amd64 libpython3.8 amd64 3.8.10-0ubuntu1~20.04.5 [1,625 kB]
#7 40.80 Get:242 http://archive.ubuntu.com/ubuntu focal-updates/main amd64 libpython3.8-dev amd64 3.8.10-0ubuntu1~20.04.5 [3,951 kB]
#7 41.30 Get:243 http://archive.ubuntu.com/ubuntu focal/main amd64 libpython3-dev amd64 3.8.2-0ubuntu2 [7,236 B]
#7 41.31 Get:244 http://archive.ubuntu.com/ubuntu focal-updates/main amd64 python3.8-dev amd64 3.8.10-0ubuntu1~20.04.5 [514 kB]
#7 41.37 Get:245 http://archive.ubuntu.com/ubuntu focal/main amd64 python3-dev amd64 3.8.2-0ubuntu2 [1,212 B]
#7 41.37 Get:246 http://archive.ubuntu.com/ubuntu focal/universe amd64 libboost-python1.71-dev amd64 1.71.0-6ubuntu6 [300 kB]
#7 41.40 Get:247 http://archive.ubuntu.com/ubuntu focal/universe amd64 libboost-python-dev amd64 1.71.0.0ubuntu2 [3,688 B]
#7 41.40 Get:248 http://archive.ubuntu.com/ubuntu focal/universe amd64 libboost-random1.71.0 amd64 1.71.0-6ubuntu6 [216 kB]
#7 41.42 Get:249 http://archive.ubuntu.com/ubuntu focal/universe amd64 libboost-random1.71-dev amd64 1.71.0-6ubuntu6 [217 kB]
#7 41.44 Get:250 http://archive.ubuntu.com/ubuntu focal/universe amd64 libboost-random-dev amd64 1.71.0.0ubuntu2 [3,388 B]
#7 41.44 Get:251 http://archive.ubuntu.com/ubuntu focal/universe amd64 libboost-regex-dev amd64 1.71.0.0ubuntu2 [3,656 B]
#7 41.44 Get:252 http://archive.ubuntu.com/ubuntu focal/universe amd64 libboost-serialization-dev amd64 1.71.0.0ubuntu2 [3,612 B]
#7 41.45 Get:253 http://archive.ubuntu.com/ubuntu focal/universe amd64 libboost-stacktrace1.71.0 amd64 1.71.0-6ubuntu6 [239 kB]
#7 41.47 Get:254 http://archive.ubuntu.com/ubuntu focal/universe amd64 libboost-stacktrace1.71-dev amd64 1.71.0-6ubuntu6 [217 kB]
#7 41.49 Get:255 http://archive.ubuntu.com/ubuntu focal/universe amd64 libboost-stacktrace-dev amd64 1.71.0.0ubuntu2 [3,392 B]
#7 41.49 Get:256 http://archive.ubuntu.com/ubuntu focal/main amd64 libboost-system-dev amd64 1.71.0.0ubuntu2 [3,536 B]
#7 41.49 Get:257 http://archive.ubuntu.com/ubuntu focal/universe amd64 libboost-test-dev amd64 1.71.0.0ubuntu2 [3,424 B]
#7 41.49 Get:258 http://archive.ubuntu.com/ubuntu focal/main amd64 libboost-thread-dev amd64 1.71.0.0ubuntu2 [3,416 B]
#7 41.49 Get:259 http://archive.ubuntu.com/ubuntu focal/universe amd64 libboost-timer1.71.0 amd64 1.71.0-6ubuntu6 [213 kB]
#7 41.51 Get:260 http://archive.ubuntu.com/ubuntu focal/universe amd64 libboost-timer1.71-dev amd64 1.71.0-6ubuntu6 [215 kB]
#7 41.53 Get:261 http://archive.ubuntu.com/ubuntu focal/universe amd64 libboost-timer-dev amd64 1.71.0.0ubuntu2 [3,516 B]
#7 41.54 Get:262 http://archive.ubuntu.com/ubuntu focal/universe amd64 libboost-type-erasure1.71.0 amd64 1.71.0-6ubuntu6 [222 kB]
#7 41.56 Get:263 http://archive.ubuntu.com/ubuntu focal/universe amd64 libboost-type-erasure1.71-dev amd64 1.71.0-6ubuntu6 [225 kB]
#7 41.58 Get:264 http://archive.ubuntu.com/ubuntu focal/universe amd64 libboost-type-erasure-dev amd64 1.71.0.0ubuntu2 [3,488 B]
#7 41.58 Get:265 http://archive.ubuntu.com/ubuntu focal/universe amd64 libboost-wave1.71.0 amd64 1.71.0-6ubuntu6 [394 kB]
#7 41.62 Get:266 http://archive.ubuntu.com/ubuntu focal/universe amd64 libboost-wave1.71-dev amd64 1.71.0-6ubuntu6 [450 kB]
#7 41.66 Get:267 http://archive.ubuntu.com/ubuntu focal/universe amd64 libboost-wave-dev amd64 1.71.0.0ubuntu2 [3,420 B]
#7 41.66 Get:268 http://archive.ubuntu.com/ubuntu focal/universe amd64 libboost-all-dev amd64 1.71.0.0ubuntu2 [2,468 B]
#7 41.66 Get:269 http://archive.ubuntu.com/ubuntu focal/main amd64 libbtf1 amd64 1:5.7.1+dfsg-2 [11.3 kB]
#7 41.66 Get:270 http://archive.ubuntu.com/ubuntu focal/main amd64 libbz2-dev amd64 1.0.8-2 [30.2 kB]
#7 41.66 Get:271 http://archive.ubuntu.com/ubuntu focal/main amd64 libcamd2 amd64 1:5.7.1+dfsg-2 [21.7 kB]
#7 41.67 Get:272 http://archive.ubuntu.com/ubuntu focal/main amd64 libccolamd2 amd64 1:5.7.1+dfsg-2 [23.2 kB]
#7 41.67 Get:273 http://archive.ubuntu.com/ubuntu focal/universe amd64 libcfitsio8 amd64 3.470-3 [466 kB]
#7 41.71 Get:274 http://archive.ubuntu.com/ubuntu focal/universe amd64 libcharls2 amd64 2.0.0+dfsg-1build1 [74.1 kB]
#7 41.72 Get:275 http://archive.ubuntu.com/ubuntu focal/main amd64 libcolamd2 amd64 1:5.7.1+dfsg-2 [17.0 kB]
#7 41.72 Get:276 http://archive.ubuntu.com/ubuntu focal/main amd64 libmetis5 amd64 5.1.0.dfsg-5 [169 kB]
#7 41.74 Get:277 http://archive.ubuntu.com/ubuntu focal/main amd64 libcholmod3 amd64 1:5.7.1+dfsg-2 [308 kB]
#7 41.77 Get:278 http://archive.ubuntu.com/ubuntu focal/main amd64 libcxsparse3 amd64 1:5.7.1+dfsg-2 [64.2 kB]
#7 41.78 Get:279 http://archive.ubuntu.com/ubuntu focal/universe amd64 libdap25 amd64 3.20.5-1 [435 kB]
#7 41.81 Get:280 http://archive.ubuntu.com/ubuntu focal/universe amd64 libdapclient6v5 amd64 3.20.5-1 [92.2 kB]
#7 41.82 Get:281 http://archive.ubuntu.com/ubuntu focal/universe amd64 libepsilon1 amd64 0.9.2+dfsg-4 [41.0 kB]
#7 41.83 Get:282 http://archive.ubuntu.com/ubuntu focal/main amd64 libfftw3-long3 amd64 3.3.8-2ubuntu1 [313 kB]
#7 41.86 Get:283 http://archive.ubuntu.com/ubuntu focal/main amd64 libfftw3-quad3 amd64 3.3.8-2ubuntu1 [673 kB]
#7 41.91 Get:284 http://archive.ubuntu.com/ubuntu focal/main amd64 libfftw3-single3 amd64 3.3.8-2ubuntu1 [756 kB]
#7 41.98 Get:285 http://archive.ubuntu.com/ubuntu focal/main amd64 libfftw3-bin amd64 3.3.8-2ubuntu1 [32.2 kB]
#7 41.98 Get:286 http://archive.ubuntu.com/ubuntu focal/main amd64 libfftw3-dev amd64 3.3.8-2ubuntu1 [2,211 kB]
#7 42.17 Get:287 http://archive.ubuntu.com/ubuntu focal/main amd64 libogg0 amd64 1.3.4-0ubuntu1 [24.0 kB]
#7 42.17 Get:288 http://archive.ubuntu.com/ubuntu focal/main amd64 libflac8 amd64 1.3.3-1build1 [103 kB]
#7 42.18 Get:289 http://archive.ubuntu.com/ubuntu focal/universe amd64 libfyba0 amd64 4.1.1-6build1 [113 kB]
#7 42.19 Get:290 http://archive.ubuntu.com/ubuntu focal/universe amd64 libfreexl1 amd64 1.0.5-3 [33.4 kB]
#7 42.20 Get:291 http://archive.ubuntu.com/ubuntu focal/universe amd64 libgeos-3.8.0 amd64 3.8.0-1build1 [535 kB]
#7 42.24 Get:292 http://archive.ubuntu.com/ubuntu focal/universe amd64 libgeos-c1v5 amd64 3.8.0-1build1 [69.9 kB]
#7 42.25 Get:293 http://archive.ubuntu.com/ubuntu focal/universe amd64 proj-data all 6.3.1-1 [7,647 kB]
#7 42.87 Get:294 http://archive.ubuntu.com/ubuntu focal/universe amd64 libproj15 amd64 6.3.1-1 [925 kB]
#7 42.95 Get:295 http://archive.ubuntu.com/ubuntu focal/universe amd64 libgeotiff5 amd64 1.5.1-2 [53.1 kB]
#7 42.95 Get:296 http://archive.ubuntu.com/ubuntu focal/main amd64 libgif7 amd64 5.1.9-1 [32.2 kB]
#7 42.95 Get:297 http://archive.ubuntu.com/ubuntu focal/universe amd64 libhdf4-0-alt amd64 4.2.14-1ubuntu1 [268 kB]
#7 42.98 Get:298 http://archive.ubuntu.com/ubuntu focal/universe amd64 libsz2 amd64 1.0.4-1 [5,188 B]
#7 42.98 Get:299 http://archive.ubuntu.com/ubuntu focal/universe amd64 libhdf5-103 amd64 1.10.4+repack-11ubuntu1 [1,311 kB]
#7 43.10 Get:300 http://archive.ubuntu.com/ubuntu focal/universe amd64 libminizip1 amd64 1.1-8build1 [20.2 kB]
#7 43.10 Get:301 http://archive.ubuntu.com/ubuntu focal/universe amd64 liburiparser1 amd64 0.9.3-2 [39.3 kB]
#7 43.11 Get:302 http://archive.ubuntu.com/ubuntu focal/universe amd64 libkmlbase1 amd64 1.3.0-8build1 [45.4 kB]
#7 43.11 Get:303 http://archive.ubuntu.com/ubuntu focal/universe amd64 libkmldom1 amd64 1.3.0-8build1 [152 kB]
#7 43.20 Get:304 http://archive.ubuntu.com/ubuntu focal/universe amd64 libkmlengine1 amd64 1.3.0-8build1 [72.5 kB]
#7 43.32 Get:305 http://archive.ubuntu.com/ubuntu focal/universe amd64 libnetcdf15 amd64 1:4.7.3-1 [341 kB]
#7 43.41 Get:306 http://archive.ubuntu.com/ubuntu focal/universe amd64 libogdi4.1 amd64 4.1.0+ds-1build1 [198 kB]
#7 43.44 Get:307 http://archive.ubuntu.com/ubuntu focal-updates/main amd64 libopenjp2-7 amd64 2.3.1-1ubuntu4.20.04.1 [141 kB]
#7 43.46 Get:308 http://archive.ubuntu.com/ubuntu focal-updates/main amd64 libpoppler97 amd64 0.86.1-0ubuntu1.1 [916 kB]
#7 43.58 Get:309 http://archive.ubuntu.com/ubuntu focal/universe amd64 libqhull7 amd64 2015.2-4 [152 kB]
#7 43.59 Get:310 http://archive.ubuntu.com/ubuntu focal/universe amd64 libspatialite7 amd64 4.3.0a-6build1 [1,286 kB]
#7 43.70 Get:311 http://archive.ubuntu.com/ubuntu focal/universe amd64 libxerces-c3.2 amd64 3.2.2+debian-1build3 [878 kB]
#7 43.78 Get:312 http://archive.ubuntu.com/ubuntu focal/universe amd64 libgdal26 amd64 3.0.4+dfsg-1build3 [6,156 kB]
#7 44.28 Get:313 http://archive.ubuntu.com/ubuntu focal/universe amd64 libglpk40 amd64 4.65-2 [378 kB]
#7 44.31 Get:314 http://archive.ubuntu.com/ubuntu focal/main amd64 libgmpxx4ldbl amd64 2:6.2.0+dfsg-4 [9,128 B]
#7 44.32 Get:315 http://archive.ubuntu.com/ubuntu focal/main amd64 libgmp-dev amd64 2:6.2.0+dfsg-4 [320 kB]
#7 44.34 Get:316 http://archive.ubuntu.com/ubuntu focal/main amd64 libgraphblas3 amd64 1:5.7.1+dfsg-2 [3,770 kB]
#7 44.68 Get:317 http://archive.ubuntu.com/ubuntu focal/main amd64 libklu1 amd64 1:5.7.1+dfsg-2 [71.7 kB]
#7 44.68 Get:318 http://archive.ubuntu.com/ubuntu focal/main amd64 libldl2 amd64 1:5.7.1+dfsg-2 [11.0 kB]
#7 44.69 Get:319 http://archive.ubuntu.com/ubuntu focal/main amd64 libmongoose2 amd64 1:5.7.1+dfsg-2 [31.4 kB]
#7 44.69 Get:320 http://archive.ubuntu.com/ubuntu focal/main amd64 libumfpack5 amd64 1:5.7.1+dfsg-2 [229 kB]
#7 44.71 Get:321 http://archive.ubuntu.com/ubuntu focal/main amd64 librbio2 amd64 1:5.7.1+dfsg-2 [24.5 kB]
#7 44.71 Get:322 http://archive.ubuntu.com/ubuntu focal/main amd64 libspqr2 amd64 1:5.7.1+dfsg-2 [64.8 kB]
#7 44.72 Get:323 http://archive.ubuntu.com/ubuntu focal/main amd64 libsuitesparse-dev amd64 1:5.7.1+dfsg-2 [4,161 kB]
#7 45.06 Get:324 http://archive.ubuntu.com/ubuntu focal/universe amd64 libglpk-dev amd64 4.65-2 [445 kB]
#7 45.10 Get:325 http://archive.ubuntu.com/ubuntu focal/main amd64 libgpgme11 amd64 1.13.1-7ubuntu2 [121 kB]
#7 45.11 Get:326 http://archive.ubuntu.com/ubuntu focal/universe amd64 libgslcblas0 amd64 2.5+dfsg-6build1 [84.6 kB]
#7 45.12 Get:327 http://archive.ubuntu.com/ubuntu focal/universe amd64 libgsl23 amd64 2.5+dfsg-6build1 [850 kB]
#7 45.20 Get:328 http://archive.ubuntu.com/ubuntu focal/universe amd64 libgsl-dev amd64 2.5+dfsg-6build1 [1,064 kB]
#7 45.29 Get:329 http://archive.ubuntu.com/ubuntu focal/main amd64 libgtk2.0-common all 2.24.32-4ubuntu4 [126 kB]
#7 45.30 Get:330 http://archive.ubuntu.com/ubuntu focal/main amd64 libxcursor1 amd64 1:1.2.0-2 [20.1 kB]
#7 45.30 Get:331 http://archive.ubuntu.com/ubuntu focal/main amd64 libxdamage1 amd64 1:1.1.5-2 [6,996 B]
#7 45.30 Get:332 http://archive.ubuntu.com/ubuntu focal/main amd64 libgtk2.0-0 amd64 2.24.32-4ubuntu4 [1,791 kB]
#7 45.45 Get:333 http://archive.ubuntu.com/ubuntu focal/universe amd64 libhdf5-cpp-103 amd64 1.10.4+repack-11ubuntu1 [120 kB]
#7 45.47 Get:334 http://archive.ubuntu.com/ubuntu focal/universe amd64 libaec-dev amd64 1.0.4-1 [16.9 kB]
#7 45.47 Get:335 http://archive.ubuntu.com/ubuntu focal/universe amd64 libhdf5-dev amd64 1.10.4+repack-11ubuntu1 [2,589 kB]
#7 45.68 Get:336 http://archive.ubuntu.com/ubuntu focal/main amd64 libvorbis0a amd64 1.3.6-2ubuntu1 [87.0 kB]
#7 45.69 Get:337 http://archive.ubuntu.com/ubuntu focal/main amd64 libvorbisenc2 amd64 1.3.6-2ubuntu1 [70.7 kB]
#7 45.70 Get:338 http://archive.ubuntu.com/ubuntu focal-updates/main amd64 libsndfile1 amd64 1.0.28-7ubuntu0.1 [170 kB]
#7 45.72 Get:339 http://archive.ubuntu.com/ubuntu focal/main amd64 libwrap0 amd64 7.6.q-30 [46.3 kB]
#7 45.72 Get:340 http://archive.ubuntu.com/ubuntu focal-updates/main amd64 libpulse0 amd64 1:13.99.1-1ubuntu3.13 [262 kB]
#7 45.76 Get:341 http://archive.ubuntu.com/ubuntu focal/universe amd64 libqca-qt5-2 amd64 2.2.1-2build1 [307 kB]
#7 45.79 Get:342 http://archive.ubuntu.com/ubuntu focal-updates/universe amd64 libqt5concurrent5 amd64 5.12.8+dfsg-0ubuntu2.1 [33.5 kB]
#7 45.79 Get:343 http://archive.ubuntu.com/ubuntu focal/universe amd64 libqt5keychain1 amd64 0.10.0-1build1 [48.4 kB]
#7 45.80 Get:344 http://archive.ubuntu.com/ubuntu focal/universe amd64 libqt5serialport5 amd64 5.12.8-0ubuntu1 [33.1 kB]
#7 45.80 Get:345 http://archive.ubuntu.com/ubuntu focal-updates/universe amd64 libqt5sql5 amd64 5.12.8+dfsg-0ubuntu2.1 [121 kB]
#7 45.82 Get:346 http://archive.ubuntu.com/ubuntu focal-updates/universe amd64 libqt5xml5 amd64 5.12.8+dfsg-0ubuntu2.1 [105 kB]
#7 45.84 Get:347 http://archive.ubuntu.com/ubuntu focal/universe amd64 libspatialindex6 amd64 1.9.3-1build1 [266 kB]
#7 45.86 Get:348 http://archive.ubuntu.com/ubuntu focal/universe amd64 libzip5 amd64 1.5.1-0ubuntu1 [46.7 kB]
#7 45.87 Get:349 http://archive.ubuntu.com/ubuntu focal/universe amd64 libqgis-core3.10.4 amd64 3.10.4+dfsg-1ubuntu2 [5,216 kB]
#7 46.30 Get:350 http://archive.ubuntu.com/ubuntu focal/universe amd64 libqgispython3.10.4 amd64 3.10.4+dfsg-1ubuntu2 [43.1 kB]
#7 46.30 Get:351 http://archive.ubuntu.com/ubuntu focal-updates/main amd64 libseccomp-dev amd64 2.5.1-1ubuntu1~20.04.2 [83.6 kB]
#7 46.31 Get:352 http://archive.ubuntu.com/ubuntu focal/universe amd64 libudunits2-data all 2.2.26-5 [18.8 kB]
#7 46.32 Get:353 http://archive.ubuntu.com/ubuntu focal/universe amd64 libudunits2-0 amd64 2.2.26-5 [48.9 kB]
#7 46.32 Get:354 http://archive.ubuntu.com/ubuntu focal/universe amd64 libudunits2-dev amd64 2.2.26-5 [362 kB]
#7 46.35 Get:355 http://archive.ubuntu.com/ubuntu focal-updates/universe amd64 openjdk-8-jre amd64 8u342-b07-0ubuntu1~20.04 [69.9 kB]
#7 46.36 Get:356 http://archive.ubuntu.com/ubuntu focal-updates/universe amd64 openjdk-8-jdk-headless amd64 8u342-b07-0ubuntu1~20.04 [8,298 kB]
#7 47.48 Get:357 http://archive.ubuntu.com/ubuntu focal-updates/universe amd64 openjdk-8-jdk amd64 8u342-b07-0ubuntu1~20.04 [3,982 kB]
#7 48.00 Get:358 http://archive.ubuntu.com/ubuntu focal-updates/universe amd64 python-pip-whl all 20.0.2-5ubuntu1.6 [1,805 kB]
#7 48.23 Get:359 http://archive.ubuntu.com/ubuntu focal/main amd64 python3-setuptools all 45.2.0-1 [330 kB]
#7 48.25 Get:360 http://archive.ubuntu.com/ubuntu focal/universe amd64 python3-wheel all 0.34.2-1 [23.8 kB]
#7 48.26 Get:361 http://archive.ubuntu.com/ubuntu focal-updates/universe amd64 python3-pip all 20.0.2-5ubuntu1.6 [231 kB]
#7 48.29 Get:362 http://archive.ubuntu.com/ubuntu focal-updates/main amd64 squashfs-tools amd64 1:4.4-1ubuntu0.3 [117 kB]
#7 48.30 Get:363 http://archive.ubuntu.com/ubuntu focal/main amd64 libgpgme-dev amd64 1.13.1-7ubuntu2 [328 kB]
#7 49.08 debconf: delaying package configuration, since apt-utils is not installed
#7 49.23 Fetched 185 MB in 21s (8,815 kB/s)
#7 49.38 Selecting previously unselected package libfftw3-double3:amd64.
#7 49.38 (Reading database ... (Reading database ... 5%(Reading database ... 10%(Reading database ... 15%(Reading database ... 20%(Reading database ... 25%(Reading database ... 30%(Reading database ... 35%(Reading database ... 40%(Reading database ... 45%(Reading database ... 50%(Reading database ... 55%(Reading database ... 60%(Reading database ... 65%(Reading database ... 70%(Reading database ... 75%(Reading database ... 80%(Reading database ... 85%(Reading database ... 90%(Reading database ... 95%(Reading database ... 100%(Reading database ... 27599 files and directories currently installed.)
#7 49.44 Preparing to unpack .../000-libfftw3-double3_3.3.8-2ubuntu1_amd64.deb ...
#7 49.46 Unpacking libfftw3-double3:amd64 (3.3.8-2ubuntu1) ...
#7 49.83 Selecting previously unselected package liblcms2-2:amd64.
#7 49.84 Preparing to unpack .../001-liblcms2-2_2.9-4_amd64.deb ...
#7 49.84 Unpacking liblcms2-2:amd64 (2.9-4) ...
#7 50.02 Selecting previously unselected package liblqr-1-0:amd64.
#7 50.02 Preparing to unpack .../002-liblqr-1-0_0.4.2-2.1_amd64.deb ...
#7 50.03 Unpacking liblqr-1-0:amd64 (0.4.2-2.1) ...
#7 50.18 Selecting previously unselected package libwebpmux3:amd64.
#7 50.18 Preparing to unpack .../003-libwebpmux3_0.6.1-2ubuntu0.20.04.1_amd64.deb ...
#7 50.19 Unpacking libwebpmux3:amd64 (0.6.1-2ubuntu0.20.04.1) ...
#7 50.33 Selecting previously unselected package imagemagick-6-common.
#7 50.33 Preparing to unpack .../004-imagemagick-6-common_8%3a6.9.10.23+dfsg-2.1ubuntu11.4_all.deb ...
#7 50.34 Unpacking imagemagick-6-common (8:6.9.10.23+dfsg-2.1ubuntu11.4) ...
#7 50.50 Selecting previously unselected package libmagickcore-6.q16-6:amd64.
#7 50.50 Preparing to unpack .../005-libmagickcore-6.q16-6_8%3a6.9.10.23+dfsg-2.1ubuntu11.4_amd64.deb ...
#7 50.51 Unpacking libmagickcore-6.q16-6:amd64 (8:6.9.10.23+dfsg-2.1ubuntu11.4) ...
#7 51.07 Selecting previously unselected package libmagickwand-6.q16-6:amd64.
#7 51.07 Preparing to unpack .../006-libmagickwand-6.q16-6_8%3a6.9.10.23+dfsg-2.1ubuntu11.4_amd64.deb ...
#7 51.08 Unpacking libmagickwand-6.q16-6:amd64 (8:6.9.10.23+dfsg-2.1ubuntu11.4) ...
#7 51.29 Selecting previously unselected package libdouble-conversion3:amd64.
#7 51.29 Preparing to unpack .../007-libdouble-conversion3_3.1.5-4ubuntu1_amd64.deb ...
#7 51.29 Unpacking libdouble-conversion3:amd64 (3.1.5-4ubuntu1) ...
#7 51.45 Selecting previously unselected package libqt5core5a:amd64.
#7 51.45 Preparing to unpack .../008-libqt5core5a_5.12.8+dfsg-0ubuntu2.1_amd64.deb ...
#7 51.62 Unpacking libqt5core5a:amd64 (5.12.8+dfsg-0ubuntu2.1) ...
#7 52.16 Selecting previously unselected package libwayland-server0:amd64.
#7 52.16 Preparing to unpack .../009-libwayland-server0_1.18.0-1ubuntu0.1_amd64.deb ...
#7 52.17 Unpacking libwayland-server0:amd64 (1.18.0-1ubuntu0.1) ...
#7 52.31 Selecting previously unselected package libgbm1:amd64.
#7 52.31 Preparing to unpack .../010-libgbm1_21.2.6-0ubuntu0.1~20.04.2_amd64.deb ...
#7 52.31 Unpacking libgbm1:amd64 (21.2.6-0ubuntu0.1~20.04.2) ...
#7 52.47 Selecting previously unselected package libwayland-client0:amd64.
#7 52.47 Preparing to unpack .../011-libwayland-client0_1.18.0-1ubuntu0.1_amd64.deb ...
#7 52.47 Unpacking libwayland-client0:amd64 (1.18.0-1ubuntu0.1) ...
#7 52.61 Selecting previously unselected package libegl-mesa0:amd64.
#7 52.62 Preparing to unpack .../012-libegl-mesa0_21.2.6-0ubuntu0.1~20.04.2_amd64.deb ...
#7 52.62 Unpacking libegl-mesa0:amd64 (21.2.6-0ubuntu0.1~20.04.2) ...
#7 52.77 Selecting previously unselected package libegl1:amd64.
#7 52.78 Preparing to unpack .../013-libegl1_1.3.2-1~ubuntu0.20.04.2_amd64.deb ...
#7 52.78 Unpacking libegl1:amd64 (1.3.2-1~ubuntu0.20.04.2) ...
#7 52.92 Selecting previously unselected package libevdev2:amd64.
#7 52.92 Preparing to unpack .../014-libevdev2_1.9.0+dfsg-1ubuntu0.2_amd64.deb ...
#7 52.92 Unpacking libevdev2:amd64 (1.9.0+dfsg-1ubuntu0.2) ...
#7 53.06 Selecting previously unselected package libmtdev1:amd64.
#7 53.07 Preparing to unpack .../015-libmtdev1_1.1.5-1.1_amd64.deb ...
#7 53.07 Unpacking libmtdev1:amd64 (1.1.5-1.1) ...
#7 53.21 Selecting previously unselected package libgudev-1.0-0:amd64.
#7 53.21 Preparing to unpack .../016-libgudev-1.0-0_1%3a233-1_amd64.deb ...
#7 53.21 Unpacking libgudev-1.0-0:amd64 (1:233-1) ...
#7 53.35 Selecting previously unselected package libwacom-common.
#7 53.35 Preparing to unpack .../017-libwacom-common_1.3-2ubuntu3_all.deb ...
#7 53.36 Unpacking libwacom-common (1.3-2ubuntu3) ...
#7 53.56 Selecting previously unselected package libwacom2:amd64.
#7 53.56 Preparing to unpack .../018-libwacom2_1.3-2ubuntu3_amd64.deb ...
#7 53.56 Unpacking libwacom2:amd64 (1.3-2ubuntu3) ...
#7 53.70 Selecting previously unselected package libinput-bin.
#7 53.70 Preparing to unpack .../019-libinput-bin_1.15.5-1ubuntu0.3_amd64.deb ...
#7 53.70 Unpacking libinput-bin (1.15.5-1ubuntu0.3) ...
#7 53.84 Selecting previously unselected package libinput10:amd64.
#7 53.84 Preparing to unpack .../020-libinput10_1.15.5-1ubuntu0.3_amd64.deb ...
#7 53.84 Unpacking libinput10:amd64 (1.15.5-1ubuntu0.3) ...
#7 54.01 Selecting previously unselected package libdbus-1-3:amd64.
#7 54.01 Preparing to unpack .../021-libdbus-1-3_1.12.16-2ubuntu2.2_amd64.deb ...
#7 54.01 Unpacking libdbus-1-3:amd64 (1.12.16-2ubuntu2.2) ...
#7 54.18 Selecting previously unselected package libqt5dbus5:amd64.
#7 54.19 Preparing to unpack .../022-libqt5dbus5_5.12.8+dfsg-0ubuntu2.1_amd64.deb ...
#7 54.19 Unpacking libqt5dbus5:amd64 (5.12.8+dfsg-0ubuntu2.1) ...
#7 54.38 Selecting previously unselected package libqt5network5:amd64.
#7 54.38 Preparing to unpack .../023-libqt5network5_5.12.8+dfsg-0ubuntu2.1_amd64.deb ...
#7 54.38 Unpacking libqt5network5:amd64 (5.12.8+dfsg-0ubuntu2.1) ...
#7 54.69 Selecting previously unselected package libxcb-icccm4:amd64.
#7 54.69 Preparing to unpack .../024-libxcb-icccm4_0.4.1-1.1_amd64.deb ...
#7 54.69 Unpacking libxcb-icccm4:amd64 (0.4.1-1.1) ...
#7 54.83 Selecting previously unselected package libxcb-util1:amd64.
#7 54.83 Preparing to unpack .../025-libxcb-util1_0.4.0-0ubuntu3_amd64.deb ...
#7 54.84 Unpacking libxcb-util1:amd64 (0.4.0-0ubuntu3) ...
#7 54.97 Selecting previously unselected package libxcb-image0:amd64.
#7 54.97 Preparing to unpack .../026-libxcb-image0_0.4.0-1build1_amd64.deb ...
#7 54.98 Unpacking libxcb-image0:amd64 (0.4.0-1build1) ...
#7 55.11 Selecting previously unselected package libxcb-keysyms1:amd64.
#7 55.12 Preparing to unpack .../027-libxcb-keysyms1_0.4.0-1build1_amd64.deb ...
#7 55.12 Unpacking libxcb-keysyms1:amd64 (0.4.0-1build1) ...
#7 55.26 Selecting previously unselected package libxcb-randr0:amd64.
